[debug] ----------------------------------------------------------------------
[debug] Command:      C:\Program Files\nodejs\node.exe C:\Users\Rafael\AppData\Roaming\npm\node_modules\firebase-tools\bin\firebase serve
[debug] CLI Version:  3.2.0
[debug] Platform:     win32
[debug] Node Version: v6.9.2
[debug] Time:         Tue Dec 13 2016 19:48:27 GMT+0100 (Hora estándar romance)
[debug] ----------------------------------------------------------------------
[debug] 
[info] Starting Firebase development server...
[info] 
[info] Project Directory: C:\Users\Rafael\Documents\GitHub\politicorrupto
[info] Public Directory: public
[info] 
[info] Server listening at: http://localhost:5000
[debug] ----------------------------------------------------------------------
[debug] Command:      C:\Program Files\nodejs\node.exe C:\Users\Rafael\AppData\Roaming\npm\node_modules\firebase-tools\bin\firebase serve
[debug] CLI Version:  3.2.0
[debug] Platform:     win32
[debug] Node Version: v6.9.2
[debug] Time:         Wed Dec 14 2016 21:19:42 GMT+0100 (Hora estándar romance)
[debug] ----------------------------------------------------------------------
[debug] 
[info] Starting Firebase development server...
[info] 
[info] Project Directory: C:\Users\Rafael\Documents\GitHub\politicorrupto
[info] Public Directory: public
[info] 
[info] Server listening at: http://localhost:5000
[debug] Error: EPERM: operation not permitted, rename 'C:\Users\Rafael\.config\configstore\firebase-tools.json.3151490254' -> 'C:\Users\Rafael\.config\configstore\firebase-tools.json'
    at Error (native)
    at Object.fs.renameSync (fs.js:809:18)
    at Function.writeFileSync [as sync] (C:\Users\Rafael\AppData\Roaming\npm\node_modules\firebase-tools\node_modules\write-file-atomic\index.js:81:8)
    at Object.set (C:\Users\Rafael\AppData\Roaming\npm\node_modules\firebase-tools\node_modules\configstore\index.js:62:21)
    at Object.Configstore.set (C:\Users\Rafael\AppData\Roaming\npm\node_modules\firebase-tools\node_modules\configstore\index.js:93:11)
    at Request._callback (C:\Users\Rafael\AppData\Roaming\npm\node_modules\firebase-tools\lib\fetchMOTD.js:51:19)
    at Request.self.callback (C:\Users\Rafael\AppData\Roaming\npm\node_modules\firebase-tools\node_modules\request\request.js:186:22)
    at emitTwo (events.js:106:13)
    at Request.emit (events.js:191:7)
    at Request.<anonymous> (C:\Users\Rafael\AppData\Roaming\npm\node_modules\firebase-tools\node_modules\request\request.js:1081:10)
[error] 
[error] Error: An unexpected error has occurred.
[debug] ----------------------------------------------------------------------
[debug] Command:      C:\Program Files\nodejs\node.exe C:\Users\Rafael\AppData\Roaming\npm\node_modules\firebase-tools\bin\firebase serve
[debug] CLI Version:  3.2.0
[debug] Platform:     win32
[debug] Node Version: v6.9.2
[debug] Time:         Wed Dec 14 2016 21:20:23 GMT+0100 (Hora estándar romance)
[debug] ----------------------------------------------------------------------
[debug] 
[info] Starting Firebase development server...
[info] 
[info] Project Directory: C:\Users\Rafael\Documents\GitHub\politicorrupto
[info] Public Directory: public
[info] 
[info] Server listening at: http://localhost:5000
